
> @oneezy/ui@0.0.7 build C:\Users\oneezy\Desktop\projects\apps\+ui
> run-s story:build package:build


> @oneezy/ui@0.0.7 story:build C:\Users\oneezy\Desktop\projects\apps\+ui
> histoire build




[34mUsing 15 threads for story collection[39m
5:54:55 PM [vite-plugin-svelte] ssr compile done.
package   	files	 time	  avg
@oneezy/ui	   27	0.19s	6.9ms
[2msrc/lib/components/+examples/Varitants.story.svelte 9381ms (setup:306ms, execute:37ms, run:9037ms)[22m
5:54:56 PM [vite-plugin-svelte] ssr compile done.
package   	files	  time	   avg
svrollbar 	    2	34.4ms	17.2ms
@oneezy/ui	    2	19.9ms	 9.9ms
[2msrc/lib/components/molecules/Theme/Theme.story.svelte 9256ms (setup:221ms, execute:107ms, run:8907ms)[22m
[2msrc/lib/components/+examples/NoIframe.story.svelte 9416ms (setup:321ms, execute:123ms, run:8972ms)[22m
[2msrc/lib/components/+examples/ShareControls.story.svelte 14905ms (setup:313ms, execute:138ms, run:14454ms)[22m
<Link> was created without expected prop 'active'
[2msrc/lib/components/atoms/App/App.story.svelte 14624ms (setup:218ms, execute:68ms, run:14304ms)[22m
[2msrc/lib/components/molecules/Copyright/Copyright.story.svelte 14558ms (setup:197ms, execute:95ms, run:14231ms)[22m
[2msrc/lib/components/molecules/Dialog/Dialog.story.svelte 14619ms (setup:220ms, execute:60ms, run:14310ms)[22m
[2msrc/lib/components/atoms/Container/Container.story.svelte 5339ms (setup:23ms, execute:1ms, run:5283ms)[22m
[2msrc/lib/components/molecules/CountUp/CountUp.story.svelte 14683ms (setup:245ms, execute:95ms, run:14313ms)[22m
[2msrc/lib/components/atoms/Button/Button.story.svelte 5423ms (setup:18ms, execute:1ms, run:5388ms)[22m
[2msrc/lib/components/molecules/Card/Card.story.svelte 14569ms (setup:194ms, execute:94ms, run:14246ms)[22m
[2msrc/lib/components/atoms/Block/Block.story.svelte 5432ms (setup:18ms, execute:0ms, run:5379ms)[22m
[2msrc/lib/components/molecules/AppBar/AppBar.story.svelte 14891ms (setup:267ms, execute:119ms, run:14472ms)[22m
[2msrc/lib/components/molecules/Logo/Logo.story.svelte 14756ms (setup:297ms, execute:100ms, run:14325ms)[22m
[2msrc/lib/components/molecules/Nav/Nav.story.svelte 14752ms (setup:299ms, execute:79ms, run:14342ms)[22m
[2msrc/lib/components/molecules/BG/BG.story.svelte 14709ms (setup:221ms, execute:111ms, run:14327ms)[22m
<Link> was created without expected prop 'active'
<Link> was created without expected prop 'active'
[2msrc/lib/components/molecules/Accordion/Accordion.story.svelte 14837ms (setup:322ms, execute:124ms, run:14369ms)[22m
[2msrc/lib/components/molecules/Social/Social.story.svelte 14970ms (setup:267ms, execute:139ms, run:14540ms)[22m
[2msrc/lib/components/atoms/Content/Content.story.svelte 839ms (setup:36ms, execute:1ms, run:786ms)[22m
[2msrc\lib\components\Introduction.story.js 536ms (setup:26ms, execute:1ms, run:500ms)[22m
[2msrc/lib/components/atoms/Icon/Icon.story.svelte 861ms (setup:35ms, execute:1ms, run:826ms)[22m
<Link> was created without expected prop 'active'
[2msrc/lib/components/atoms/Divider/Divider.story.svelte 873ms (setup:32ms, execute:1ms, run:834ms)[22m
[2msrc/lib/components/atoms/Link/Link.story.svelte 866ms (setup:25ms, execute:0ms, run:831ms)[22m
[2msrc/lib/components/atoms/Intro/Intro.story.svelte 868ms (setup:32ms, execute:1ms, run:828ms)[22m
[2msrc/lib/components/atoms/Section/Section.story.svelte 873ms (setup:33ms, execute:1ms, run:832ms)[22m
[2msrc/lib/components/atoms/TextAnimate/TextAnimate.story.svelte 628ms (setup:20ms, execute:1ms, run:600ms)[22m
[2msrc/lib/components/atoms/Title/Title.story.svelte 633ms (setup:25ms, execute:1ms, run:599ms)[22m
[2msrc/lib/components/organisms/Header/Header.story.svelte 653ms (setup:22ms, execute:1ms, run:622ms)[22m
<Link> was created without expected prop 'active'
[2msrc/lib/components/organisms/Hero/Hero.story.svelte 653ms (setup:27ms, execute:1ms, run:619ms)[22m
[2msrc/lib/components/organisms/KitchenSink/KitchenSink.story.svelte 739ms (setup:27ms, execute:1ms, run:704ms)[22m
<Link> was created without expected prop 'active'
<Link> was created without expected prop 'active'
<Link> was created without expected prop 'active'
[2msrc/lib/components/particles/Device/Device.story.svelte 912ms (setup:27ms, execute:1ms, run:878ms)[22m
[2msrc/lib/components/organisms/Stats/Stats.story.svelte 924ms (setup:27ms, execute:1ms, run:889ms)[22m
[2mC:/Users/oneezy/Desktop/projects/apps/+ui/node_modules/.histoire/plugins/builtin_tailwind-tokens/Tailwind.story.js 2812ms (setup:25ms, execute:1ms, run:2786ms)[22m

[36mvite v4.0.4 [32mbuilding for development...[36m[39m
transforming...
Use of eval in "../../node_modules/.pnpm/flexsearch@0.7.21/node_modules/flexsearch/dist/flexsearch.bundle.js" is strongly discouraged as it poses security risks and may cause issues with minification.
"setupVanilla" is not exported by "../../../../../../../__resolved__virtual:$histoire-generated-global-setup", imported by "../../node_modules/.pnpm/histoire@0.12.4_vite@4.0.4/node_modules/histoire/dist/node/builtin-plugins/vanilla-support/RenderStory.js".
"setupVanilla" is not exported by "../../../../../../../__resolved__virtual:$histoire-generated-global-setup", imported by "../../node_modules/.pnpm/histoire@0.12.4_vite@4.0.4/node_modules/histoire/dist/node/builtin-plugins/vanilla-support/RenderStory.js".
"setupVanilla" is not exported by "histoire.setup.js", imported by "../../node_modules/.pnpm/histoire@0.12.4_vite@4.0.4/node_modules/histoire/dist/node/builtin-plugins/vanilla-support/RenderStory.js".
"setupVanilla" is not exported by "histoire.setup.js", imported by "../../node_modules/.pnpm/histoire@0.12.4_vite@4.0.4/node_modules/histoire/dist/node/builtin-plugins/vanilla-support/RenderStory.js".
"setupSvelte3" is not exported by "../../../../../../../__resolved__virtual:$histoire-generated-global-setup", imported by "../../node_modules/.pnpm/@histoire+plugin-svelte@0.12.4_76dbu7m65vjnozzv4fj7qep6aq/node_modules/@histoire/plugin-svelte/dist/client/mount.js".
"setupSvelte3" is not exported by "../../../../../../../__resolved__virtual:$histoire-generated-global-setup", imported by "../../node_modules/.pnpm/@histoire+plugin-svelte@0.12.4_76dbu7m65vjnozzv4fj7qep6aq/node_modules/@histoire/plugin-svelte/dist/client/mount.js".
"setupSvelte3" is not exported by "histoire.setup.js", imported by "../../node_modules/.pnpm/@histoire+plugin-svelte@0.12.4_76dbu7m65vjnozzv4fj7qep6aq/node_modules/@histoire/plugin-svelte/dist/client/mount.js".
"setupSvelte3" is not exported by "histoire.setup.js", imported by "../../node_modules/.pnpm/@histoire+plugin-svelte@0.12.4_76dbu7m65vjnozzv4fj7qep6aq/node_modules/@histoire/plugin-svelte/dist/client/mount.js".
"setupSvelte3" is not exported by "../../../../../../../__resolved__virtual:$histoire-generated-global-setup", imported by "../../node_modules/.pnpm/@histoire+plugin-svelte@0.12.4_76dbu7m65vjnozzv4fj7qep6aq/node_modules/@histoire/plugin-svelte/dist/client/render.js".
"setupSvelte3" is not exported by "../../../../../../../__resolved__virtual:$histoire-generated-global-setup", imported by "../../node_modules/.pnpm/@histoire+plugin-svelte@0.12.4_76dbu7m65vjnozzv4fj7qep6aq/node_modules/@histoire/plugin-svelte/dist/client/render.js".
"setupSvelte3" is not exported by "histoire.setup.js", imported by "../../node_modules/.pnpm/@histoire+plugin-svelte@0.12.4_76dbu7m65vjnozzv4fj7qep6aq/node_modules/@histoire/plugin-svelte/dist/client/render.js".
"setupSvelte3" is not exported by "histoire.setup.js", imported by "../../node_modules/.pnpm/@histoire+plugin-svelte@0.12.4_76dbu7m65vjnozzv4fj7qep6aq/node_modules/@histoire/plugin-svelte/dist/client/render.js".
[32m✓[39m 370 modules transformed.
5:55:14 PM [vite-plugin-svelte] dom compile done.
[31mCannot read properties of null (reading 'getLiteralValueAtPath')[39m
package   	files	  time	   avg
@oneezy/ui	   62	 1.55s	25.0ms
svrollbar 	    2	73.0ms	36.5ms
file:///C:/Users/oneezy/Desktop/projects/node_modules/.pnpm/rollup@3.10.0/node_modules/rollup/dist/es/shared/rollup.js:7907
        return this.getVariableRespectingTDZ().getLiteralValueAtPath(path, recursionTracker, origin);
                                              ^

TypeError: Cannot read properties of null (reading 'getLiteralValueAtPath')
    at Identifier.getLiteralValueAtPath (file:///C:/Users/oneezy/Desktop/projects/node_modules/.pnpm/rollup@3.10.0/node_modules/rollup/dist/es/shared/rollup.js:7907:47)
    at ChainExpression.getObjectValue (file:///C:/Users/oneezy/Desktop/projects/node_modules/.pnpm/rollup@3.10.0/node_modules/rollup/dist/es/shared/rollup.js:9508:39)
    at ChainExpression.hasEffects (file:///C:/Users/oneezy/Desktop/projects/node_modules/.pnpm/rollup@3.10.0/node_modules/rollup/dist/es/shared/rollup.js:9499:18)
    at UnaryExpression.hasEffects (file:///C:/Users/oneezy/Desktop/projects/node_modules/.pnpm/rollup@3.10.0/node_modules/rollup/dist/es/shared/rollup.js:12051:31)
    at BinaryExpression.hasEffects (file:///C:/Users/oneezy/Desktop/projects/node_modules/.pnpm/rollup@3.10.0/node_modules/rollup/dist/es/shared/rollup.js:5676:28)
    at BinaryExpression.hasEffects (file:///C:/Users/oneezy/Desktop/projects/node_modules/.pnpm/rollup@3.10.0/node_modules/rollup/dist/es/shared/rollup.js:8879:22)
    at IfStatement.hasEffects (file:///C:/Users/oneezy/Desktop/projects/node_modules/.pnpm/rollup@3.10.0/node_modules/rollup/dist/es/shared/rollup.js:10331:23)
    at IfStatement.shouldBeIncluded (file:///C:/Users/oneezy/Desktop/projects/node_modules/.pnpm/rollup@3.10.0/node_modules/rollup/dist/es/shared/rollup.js:5764:62)
    at BlockStatement.include (file:///C:/Users/oneezy/Desktop/projects/node_modules/.pnpm/rollup@3.10.0/node_modules/rollup/dist/es/shared/rollup.js:8270:56)
    at FunctionDeclaration.include (file:///C:/Users/oneezy/Desktop/projects/node_modules/.pnpm/rollup@3.10.0/node_modules/rollup/dist/es/shared/rollup.js:8385:19) {
  watchFiles: [
    'C:/Users/oneezy/Desktop/projects/node_modules/.pnpm/@histoire+app@0.12.4_vite@4.0.4/node_modules/@histoire/app/dist/bundle-main.js',
    'C:/Users/oneezy/Desktop/projects/node_modules/.pnpm/@histoire+app@0.12.4_vite@4.0.4/node_modules/@histoire/app/dist/bundle-sandbox.js',
    'C:/Users/oneezy/Desktop/projects/node_modules/.pnpm/@histoire+app@0.12.4_vite@4.0.4/node_modules/@histoire/app/dist/bundled/sandbox.js',
    'C:/Users/oneezy/Desktop/projects/node_modules/.pnpm/@histoire+app@0.12.4_vite@4.0.4/node_modules/@histoire/app/dist/app/style/sandbox.css',
    'C:/Users/oneezy/Desktop/projects/node_modules/.pnpm/@histoire+app@0.12.4_vite@4.0.4/node_modules/@histoire/app/dist/bundled/index.js',
    'C:/Users/oneezy/Desktop/projects/node_modules/.pnpm/@histoire+app@0.12.4_vite@4.0.4/node_modules/@histoire/app/dist/style.css',
    'C:/Users/oneezy/Desktop/projects/node_modules/.pnpm/@histoire+app@0.12.4_vite@4.0.4/node_modules/@histoire/app/dist/bundled/style.css',
    'C:\\Users\\oneezy\\Desktop\\projects\\node_modules\\.pnpm\\@histoire+vendors@0.12.4\\node_modules\\@histoire\\vendors\\package.json',
    'C:/Users/oneezy/Desktop/projects/node_modules/.pnpm/@histoire+vendors@0.12.4/node_modules/@histoire/vendors/dist/client/b-vue-router.js',
    'C:/Users/oneezy/Desktop/projects/node_modules/.pnpm/@histoire+vendors@0.12.4/node_modules/@histoire/vendors/dist/client/b-vue.js',
    'C:/Users/oneezy/Desktop/projects/node_modules/.pnpm/@histoire+vendors@0.12.4/node_modules/@histoire/vendors/dist/client/b-pinia.js',
    'C:/Users/oneezy/Desktop/projects/node_modules/.pnpm/@histoire+app@0.12.4_vite@4.0.4/node_modules/@histoire/app/dist/bundled/components/story/GenericMountStory.vue.js',
    'C:/Users/oneezy/Desktop/projects/node_modules/.pnpm/@histoire+app@0.12.4_vite@4.0.4/node_modules/@histoire/app/dist/bundled/components/story/GenericRenderStory.vue.js',
    'C:/Users/oneezy/Desktop/projects/node_modules/.pnpm/@histoire+app@0.12.4_vite@4.0.4/node_modules/@histoire/app/dist/bundled/util/mapping.js',
    'C:/Users/oneezy/Desktop/projects/node_modules/.pnpm/@histoire+app@0.12.4_vite@4.0.4/node_modules/@histoire/app/dist/bundled/util/const.js',
    'C:/Users/oneezy/Desktop/projects/node_modules/.pnpm/@histoire+app@0.12.4_vite@4.0.4/node_modules/@histoire/app/dist/bundled/util/preview-settings.js',
    'C:/Users/oneezy/Desktop/projects/node_modules/.pnpm/@histoire+app@0.12.4_vite@4.0.4/node_modules/@histoire/app/dist/bundled/util/dark.js',
    'C:/Users/oneezy/Desktop/projects/node_modules/.pnpm/@histoire+app@0.12.4_vite@4.0.4/node_modules/@histoire/app/dist/bundled/util/config.js',
    'C:/Users/oneezy/Desktop/projects/node_modules/.pnpm/@histoire+app@0.12.4_vite@4.0.4/node_modules/@histoire/app/dist/bundled/util/state.js',
    'C:/Users/oneezy/Desktop/projects/node_modules/.pnpm/@histoire+app@0.12.4_vite@4.0.4/node_modules/@histoire/app/dist/bundled/components/story/GenericMountStory.vue2.js',
    'C:/Users/oneezy/Desktop/projects/node_modules/.pnpm/@histoire+app@0.12.4_vite@4.0.4/node_modules/@histoire/app/dist/bundled/components/story/GenericRenderStory.vue2.js',
    '/__resolved__virtual:$histoire-stories',
    'C:/Users/oneezy/Desktop/projects/apps/+ui/node_modules/.histoire/plugins/builtin_tailwind-tokens/Tailwind.story.js',
    'C:/Users/oneezy/Desktop/projects/apps/+ui/src/lib/components/+examples/NoIframe.story.svelte',
    'C:/Users/oneezy/Desktop/projects/apps/+ui/src/lib/components/+examples/ShareControls.story.svelte',
    'C:/Users/oneezy/Desktop/projects/apps/+ui/src/lib/components/+examples/Varitants.story.svelte',
    'C:/Users/oneezy/Desktop/projects/apps/+ui/src/lib/components/molecules/Accordion/Accordion.story.svelte',
    'C:/Users/oneezy/Desktop/projects/apps/+ui/src/lib/components/molecules/AppBar/AppBar.story.svelte',
    'C:/Users/oneezy/Desktop/projects/apps/+ui/src/lib/components/molecules/BG/BG.story.svelte',
    'C:/Users/oneezy/Desktop/projects/apps/+ui/src/lib/components/molecules/Card/Card.story.svelte',
    'C:/Users/oneezy/Desktop/projects/apps/+ui/src/lib/components/molecules/Copyright/Copyright.story.svelte',
    'C:/Users/oneezy/Desktop/projects/apps/+ui/src/lib/components/molecules/CountUp/CountUp.story.svelte',
    'C:/Users/oneezy/Desktop/projects/apps/+ui/src/lib/components/molecules/Dialog/Dialog.story.svelte',
    'C:/Users/oneezy/Desktop/projects/apps/+ui/src/lib/components/molecules/Nav/Nav.story.svelte',
    'C:/Users/oneezy/Desktop/projects/apps/+ui/src/lib/components/molecules/Logo/Logo.story.svelte',
    'C:/Users/oneezy/Desktop/projects/apps/+ui/src/lib/components/molecules/Social/Social.story.svelte',
    'C:/Users/oneezy/Desktop/projects/apps/+ui/src/lib/components/molecules/Theme/Theme.story.svelte',
    'C:/Users/oneezy/Desktop/projects/apps/+ui/src/lib/components/atoms/App/App.story.svelte',
    'C:/Users/oneezy/Desktop/projects/apps/+ui/src/lib/components/atoms/Block/Block.story.svelte',
    'C:/Users/oneezy/Desktop/projects/apps/+ui/src/lib/components/atoms/Button/Button.story.svelte',
    'C:/Users/oneezy/Desktop/projects/apps/+ui/src/lib/components/atoms/Container/Container.story.svelte',
    'C:/Users/oneezy/Desktop/projects/apps/+ui/src/lib/components/atoms/Content/Content.story.svelte',
    'C:/Users/oneezy/Desktop/projects/apps/+ui/src/lib/components/atoms/Divider/Divider.story.svelte',
    'C:/Users/oneezy/Desktop/projects/apps/+ui/src/lib/components/atoms/Icon/Icon.story.svelte',
    'C:/Users/oneezy/Desktop/projects/apps/+ui/src/lib/components/atoms/Intro/Intro.story.svelte',
    'C:/Users/oneezy/Desktop/projects/apps/+ui/src/lib/components/atoms/Link/Link.story.svelte',
    'C:/Users/oneezy/Desktop/projects/apps/+ui/src/lib/components/atoms/Section/Section.story.svelte',
    'C:/Users/oneezy/Desktop/projects/apps/+ui/src/lib/components/atoms/TextAnimate/TextAnimate.story.svelte',
    'C:/Users/oneezy/Desktop/projects/apps/+ui/src/lib/components/atoms/Title/Title.story.svelte',
    'C:/Users/oneezy/Desktop/projects/apps/+ui/src/lib/components/organisms/Header/Header.story.svelte',
    'C:/Users/oneezy/Desktop/projects/apps/+ui/src/lib/components/organisms/Hero/Hero.story.svelte',
    'C:/Users/oneezy/Desktop/projects/apps/+ui/src/lib/components/organisms/KitchenSink/KitchenSink.story.svelte',
    'C:/Users/oneezy/Desktop/projects/apps/+ui/src/lib/components/organisms/Stats/Stats.story.svelte',
    'C:/Users/oneezy/Desktop/projects/apps/+ui/src/lib/components/particles/Device/Device.story.svelte',
    '\x00virtual:story:C:/Users/oneezy/Desktop/projects/apps/+ui/src/lib/components/Introduction.story.js',
    '/__resolved__virtual:story-source:src-lib-components-examples-noiframe-story-svelte',
    '/__resolved__virtual:story-source:src-lib-components-examples-sharecontrols-story-svelte',
    '/__resolved__virtual:story-source:src-lib-components-examples-varitants-story-svelte',
    '/__resolved__virtual:story-source:src-lib-components-molecules-accordion-accordion-story-svelte',
    '/__resolved__virtual:story-source:src-lib-components-molecules-appbar-appbar-story-svelte',
    '/__resolved__virtual:story-source:src-lib-components-molecules-bg-bg-story-svelte',
    '/__resolved__virtual:story-source:src-lib-components-molecules-card-card-story-svelte',
    '/__resolved__virtual:story-source:src-lib-components-molecules-copyright-copyright-story-svelte',
    '/__resolved__virtual:story-source:src-lib-components-molecules-countup-countup-story-svelte',
    '/__resolved__virtual:story-source:src-lib-components-molecules-dialog-dialog-story-svelte',
    '/__resolved__virtual:story-source:src-lib-components-molecules-nav-nav-story-svelte',
    '/__resolved__virtual:story-source:src-lib-components-molecules-logo-logo-story-svelte',
    '/__resolved__virtual:story-source:src-lib-components-molecules-social-social-story-svelte',
    '/__resolved__virtual:story-source:src-lib-components-molecules-theme-theme-story-svelte',
    '/__resolved__virtual:story-source:src-lib-components-atoms-app-app-story-svelte',
    '/__resolved__virtual:story-source:src-lib-components-atoms-block-block-story-svelte',
    '/__resolved__virtual:story-source:src-lib-components-atoms-button-button-story-svelte',
    '/__resolved__virtual:story-source:src-lib-components-atoms-container-container-story-svelte',
    '/__resolved__virtual:story-source:src-lib-components-atoms-content-content-story-svelte',
    '/__resolved__virtual:story-source:src-lib-components-atoms-divider-divider-story-svelte',
    '/__resolved__virtual:story-source:src-lib-components-atoms-icon-icon-story-svelte',
    '/__resolved__virtual:story-source:src-lib-components-atoms-intro-intro-story-svelte',
    '/__resolved__virtual:story-source:src-lib-components-atoms-link-link-story-svelte',
    '/__resolved__virtual:story-source:src-lib-components-atoms-section-section-story-svelte',
    '/__resolved__virtual:story-source:src-lib-components-atoms-textanimate-textanimate-story-svelte',
    '/__resolved__virtual:story-source:src-lib-components-atoms-title-title-story-svelte',
    '/__resolved__virtual:story-source:src-lib-components-organisms-header-header-story-svelte',
    '/__resolved__virtual:story-source:src-lib-components-organisms-hero-hero-story-svelte',
    '/__resolved__virtual:story-source:src-lib-components-organisms-kitchensink-kitchensink-story-svelte',
    '/__resolved__virtual:story-source:src-lib-components-organisms-stats-stats-story-svelte',
    '/__resolved__virtual:story-source:src-lib-components-particles-device-device-story-svelte',
    '/__resolved__virtual:story-source:src-lib-components-introduction-story-js',
    '/__resolved__virtual:story-source:tailwind',
    '\x00vite/preload-helper',
    'C:/Users/oneezy/Desktop/projects/node_modules/.pnpm/@histoire+vendors@0.12.4/node_modules/@histoire/vendors/dist/client/b-floating-vue.js',
    'C:/Users/oneezy/Desktop/projects/node_modules/.pnpm/@histoire+app@0.12.4_vite@4.0.4/node_modules/@histoire/app/dist/bundled/App.vue.js',
    'C:/Users/oneezy/Desktop/projects/node_modules/.pnpm/@histoire+app@0.12.4_vite@4.0.4/node_modules/@histoire/app/dist/bundled/router.js',
    'C:/Users/oneezy/Desktop/projects/node_modules/.pnpm/@histoire+app@0.12.4_vite@4.0.4/node_modules/@histoire/app/dist/bundled/App.vue2.js',
    '/__resolved__virtual:$histoire-theme.css',
    'C:/Users/oneezy/Desktop/projects/node_modules/.pnpm/@histoire+vendors@0.12.4/node_modules/@histoire/vendors/dist/client/vue.runtime.esm-bundler.js',
    'C:/Users/oneezy/Desktop/projects/node_modules/.pnpm/@histoire+vendors@0.12.4/node_modules/@histoire/vendors/dist/client/index.js',
    'C:/Users/oneezy/Desktop/projects/node_modules/.pnpm/@histoire+vendors@0.12.4/node_modules/@histoire/vendors/dist/client/index2.js',
    'C:/Users/oneezy/Desktop/projects/node_modules/.pnpm/@histoire+vendors@0.12.4/node_modules/@histoire/vendors/dist/client/b-vue-use.js',
    '/__resolved__virtual:$histoire-config',
    '/__resolved__virtual:$histoire-support-plugins-client',
    ... 284 more items
  ]
}

Node.js v18.8.0
 ELIFECYCLE  Command failed with exit code 1.
ERROR: "story:build" exited with 1.
 ELIFECYCLE  Command failed with exit code 1.
